----As 3 musicas mais parecidas com If Our Love Is Wrong sao:
	(0)Artista: Calum Scott
		Musica: If Our Love Is Wrong
		Dissimilaridade: 0.000000
		Link: https://open.spotify.com/track/0bhBfW4mSRLILc32S4KugQ
	(1)Artista: Calum Scott
		Musica: If Our Love Is Wrong
		Dissimilaridade: 0.000000
		Link: https://open.spotify.com/track/3NjaN546wa7PVADtMuec6b
	(2)Artista: Calum Scott
		Musica: If Our Love Is Wrong
		Dissimilaridade: 0.000000
		Link: https://open.spotify.com/track/6kFK5c9IAl7AWXR7fq3hNn

----As 3 musicas mais parecidas com Only You sao:
	(0)Artista: Calum Scott
		Musica: Only You
		Dissimilaridade: 0.000000
		Link: https://open.spotify.com/track/1wdb66bU8VkDGqQNvWlbYt
	(1)Artista: Calum Scott
		Musica: Only You
		Dissimilaridade: 0.000000
		Link: https://open.spotify.com/track/29EEBvoT1g2enkEIIOpXGA
	(2)Artista: Calum Scott
		Musica: Only You
		Dissimilaridade: 0.098158
		Link: https://open.spotify.com/track/239Je07Zd3HUxLtm9aSARq

----As 3 musicas mais parecidas com White Christmas sao:
	(0)Artista: Gavin James
		Musica: White Christmas
		Dissimilaridade: 0.000000
		Link: https://open.spotify.com/track/3fPn9oYYvRJ1Y5DIYl2OKp
	(1)Artista: Gavin James
		Musica: White Christmas
		Dissimilaridade: 0.000000
		Link: https://open.spotify.com/track/6IecN1APVa6iP0kOkbX8jX
	(2)Artista: Ed Sheeran
		Musica: Small Bump
		Dissimilaridade: 2.741642
		Link: https://open.spotify.com/track/2oXCupdgrzbRRqDIi1sRGx

----As 3 musicas mais parecidas com Put You Back Together sao:
	(0)Artista: Gavin James
		Musica: Put You Back Together
		Dissimilaridade: 0.000000
		Link: https://open.spotify.com/track/1mWEc9hJrK5JFRj6NlAPoX
	(1)Artista: Gavin James
		Musica: Put You Back Together
		Dissimilaridade: 0.000000
		Link: https://open.spotify.com/track/1pLpkP3Ww9VybmC31RJaHL
	(2)Artista: Gavin James
		Musica: Put You Back Together
		Dissimilaridade: 0.000000
		Link: https://open.spotify.com/track/2Y6RCBKCNSbfhRI839UZ8d

----As 3 musicas mais parecidas com Nervous sao:
	(0)Artista: Gavin James
		Musica: Nervous
		Dissimilaridade: 0.000000
		Link: https://open.spotify.com/track/4HLnKxeTmOuyD81L4lX3t7
	(1)Artista: Gavin James
		Musica: Nervous
		Dissimilaridade: 0.102062
		Link: https://open.spotify.com/track/1bpAGufvAgqEIob4V1k7mP
	(2)Artista: Gavin James
		Musica: Nervous
		Dissimilaridade: 0.235837
		Link: https://open.spotify.com/track/26KfOGyEApSDoSro8WsvNZ

----As 3 musicas mais parecidas com I Dont Know Why Live sao:
	(0)Artista: Gavin James
		Musica: I Dont Know Why Live
		Dissimilaridade: 0.000000
		Link: https://open.spotify.com/track/0ka8IQV8SGNSBACAoHcZST
	(1)Artista: Gavin James
		Musica: I Dont Know Why Live
		Dissimilaridade: 0.003000
		Link: https://open.spotify.com/track/0YrYjTvppXpam9E1bmIzUy
	(2)Artista: Ed Sheeran
		Musica: Make It Rain
		Dissimilaridade: 2.424378
		Link: https://open.spotify.com/track/3CmoSi5r03mp6RdBCpggHP

----As 3 musicas mais parecidas com Bitter Pill sao:
	(0)Artista: Gavin James
		Musica: Bitter Pill
		Dissimilaridade: 0.000000
		Link: https://open.spotify.com/track/4mkq1BVkwyx38i7GVwTmnU
	(1)Artista: Gavin James
		Musica: Bitter Pill
		Dissimilaridade: 0.045926
		Link: https://open.spotify.com/track/1jLkniPhMZGkBB7HJG5v1t
	(2)Artista: Gavin James
		Musica: Bitter Pill
		Dissimilaridade: 0.053107
		Link: https://open.spotify.com/track/010UuRoYHL9ZC78x81gYhC

----As 3 musicas mais parecidas com Till The Sun Comes Up Live sao:
	(0)Artista: Gavin James
		Musica: Till The Sun Comes Up Live
		Dissimilaridade: 0.000000
		Link: https://open.spotify.com/track/3CvlZZ2UvgiIA10zmiZYqL
	(1)Artista: Gavin James
		Musica: Till The Sun Comes Up Live
		Dissimilaridade: 0.000000
		Link: https://open.spotify.com/track/5jql0INYmf2WHhlVDCTtWb
	(2)Artista: Gavin James
		Musica: Ghost Live
		Dissimilaridade: 1.075545
		Link: https://open.spotify.com/track/78MlYRm9BcIzb3BQKsiYiV

----As 3 musicas mais parecidas com Great Escape Live sao:
	(0)Artista: Gavin James
		Musica: Great Escape Live at Whelans
		Dissimilaridade: 0.000000
		Link: https://open.spotify.com/track/1lw8rbNUBx0sfikD4fyuZi
	(1)Artista: Gavin James
		Musica: Great Escape Live
		Dissimilaridade: 0.000000
		Link: https://open.spotify.com/track/2K7ey5a20mq5o6LYHROzoZ
	(2)Artista: Gavin James
		Musica: Great Escape Live
		Dissimilaridade: 0.000000
		Link: https://open.spotify.com/track/650mEDOuheXjtSt9hD5SVF

----As 3 musicas mais parecidas com Breathe sao:
	(0)Artista: James Arthur
		Musica: Breathe
		Dissimilaridade: 0.000000
		Link: https://open.spotify.com/track/5hrbuCjGxws7txUEr8XDgb
	(1)Artista: Gavin James
		Musica: Remember Me
		Dissimilaridade: 0.767154
		Link: https://open.spotify.com/track/2JeZKayQJLFT7ZNBH1IFlD
	(2)Artista: Gavin James
		Musica: Remember Me
		Dissimilaridade: 0.767154
		Link: https://open.spotify.com/track/4afA17zdfP7kDGLbSpl4fo

----As 3 musicas mais parecidas com Skeletons sao:
	(0)Artista: James Arthur
		Musica: Skeletons
		Dissimilaridade: 0.000000
		Link: https://open.spotify.com/track/0B83t5mWUmC13Cr3GBezTU
	(1)Artista: James Arthur
		Musica: Skeletons
		Dissimilaridade: 0.000000
		Link: https://open.spotify.com/track/201A2Zb0FcRxKINskKFbFr
	(2)Artista: James Arthur
		Musica: Skeletons
		Dissimilaridade: 0.000000
		Link: https://open.spotify.com/track/69CDsup7hfmoiCjMt9lFNq

----As 3 musicas mais parecidas com Supposed sao:
	(0)Artista: James Arthur
		Musica: Supposed
		Dissimilaridade: 0.000000
		Link: https://open.spotify.com/track/4756zA32smjHNNnu1mvGmE
	(1)Artista: James Arthur
		Musica: Supposed
		Dissimilaridade: 0.000000
		Link: https://open.spotify.com/track/7BlRb7kBQxl2qxQBq6JBSB
	(2)Artista: James Arthur
		Musica: Supposed
		Dissimilaridade: 0.127162
		Link: https://open.spotify.com/track/42GWIn0MoCjFaoVGFC5Bdi

----As 3 musicas mais parecidas com Smoke Clouds sao:
	(0)Artista: James Arthur
		Musica: Smoke Clouds
		Dissimilaridade: 0.000000
		Link: https://open.spotify.com/track/1NIY67KVKQUa1I8LoUekU8
	(1)Artista: James Arthur
		Musica: Smoke Clouds
		Dissimilaridade: 0.000000
		Link: https://open.spotify.com/track/1fZeDMfaLI7Y5JenCOJ9J0
	(2)Artista: James Arthur
		Musica: Smoke Clouds
		Dissimilaridade: 0.000000
		Link: https://open.spotify.com/track/2RySKN3UwS64dv4xUpZ12f

----As 3 musicas mais parecidas com Fade sao:
	(0)Artista: Lewis Capaldi
		Musica: Fade
		Dissimilaridade: 0.000000
		Link: https://open.spotify.com/track/6r2tV58enH9E8hj2oqoJNK
	(1)Artista: Lewis Capaldi
		Musica: Fade
		Dissimilaridade: 0.060474
		Link: https://open.spotify.com/track/5vb911FNE2t5YSFxIVSXWj
	(2)Artista: Ed Sheeran
		Musica: Im a Mess
		Dissimilaridade: 0.491326
		Link: https://open.spotify.com/track/05AXbdKlVvkT6IJlYAfuap

----As 3 musicas mais parecidas com Hearts Dont Break Around Here sao:
	(0)Artista: Ed Sheeran
		Musica: Hearts Dont Break Around Here
		Dissimilaridade: 0.000000
		Link: https://open.spotify.com/track/2dfHh7ECGxfNqZTQno09Vk
	(1)Artista: Dean Lewis
		Musica: Time To Go
		Dissimilaridade: 1.135382
		Link: https://open.spotify.com/track/1QykV5xpJ7zFbiaFo1k6cv
	(2)Artista: Gavin James
		Musica: The Book of Love Raffertie Remix
		Dissimilaridade: 1.545363
		Link: https://open.spotify.com/track/4eDytFxLbI3wIVZ8IYJvSl

----As 3 musicas mais parecidas com One Night sao:
	(0)Artista: Ed Sheeran
		Musica: One Night
		Dissimilaridade: 0.000000
		Link: https://open.spotify.com/track/0CNrpbpJ9HsFffF9hqWIIe
	(1)Artista: Ed Sheeran
		Musica: One Night
		Dissimilaridade: 0.000000
		Link: https://open.spotify.com/track/1IbGB3FLPDJjBX5i3S57rA
	(2)Artista: Ed Sheeran
		Musica: Cross Me feat Chance the Rapper PnB Rock
		Dissimilaridade: 0.923670
		Link: https://open.spotify.com/track/4wuCQX7JvAZLlrcmH4AeZF

----As 3 musicas mais parecidas com Im a Mess sao:
	(0)Artista: Ed Sheeran
		Musica: Im a Mess
		Dissimilaridade: 0.000000
		Link: https://open.spotify.com/track/05AXbdKlVvkT6IJlYAfuap
	(1)Artista: Ed Sheeran
		Musica: Im a Mess
		Dissimilaridade: 0.000000
		Link: https://open.spotify.com/track/0xCA70t1ZA4fa9UOE0lIJm
	(2)Artista: Ed Sheeran
		Musica: Im a Mess
		Dissimilaridade: 0.000000
		Link: https://open.spotify.com/track/1rAWwaYjVDcNG4hIaWIPhY

----As 3 musicas mais parecidas com English Rose sao:
	(0)Artista: Ed Sheeran
		Musica: English Rose
		Dissimilaridade: 0.000000
		Link: https://open.spotify.com/track/2pdtWTQJda6jQy66NiFWio
	(1)Artista: Ed Sheeran
		Musica: English Rose
		Dissimilaridade: 0.000000
		Link: https://open.spotify.com/track/2tLqh0Y49XoaM8fYz1VFR5
	(2)Artista: Ed Sheeran
		Musica: English Rose
		Dissimilaridade: 0.000000
		Link: https://open.spotify.com/track/3B8BedGdUGT1Ixog6v8ua8

----As 3 musicas mais parecidas com Sofa sao:
	(0)Artista: Ed Sheeran
		Musica: Sofa
		Dissimilaridade: 0.000000
		Link: https://open.spotify.com/track/2Z7RLfJdXXkXUmvMJxkNJo
	(1)Artista: Ed Sheeran
		Musica: Sofa
		Dissimilaridade: 0.000000
		Link: https://open.spotify.com/track/57HTHnbsK9SaWdBRj2CmzT
	(2)Artista: Ed Sheeran
		Musica: Sofa
		Dissimilaridade: 0.000000
		Link: https://open.spotify.com/track/5VAd82Nigp6Qdbl2zln1cl

----As 3 musicas mais parecidas com Drunk sao:
	(0)Artista: Ed Sheeran
		Musica: Drunk
		Dissimilaridade: 0.000000
		Link: https://open.spotify.com/track/0B14hEVWuos2NRdgVUpKtP
	(1)Artista: Ed Sheeran
		Musica: Drunk
		Dissimilaridade: 0.000000
		Link: https://open.spotify.com/track/2LzDXHMjn4jpJiO1V81OhK
	(2)Artista: Ed Sheeran
		Musica: Drunk
		Dissimilaridade: 0.000000
		Link: https://open.spotify.com/track/33MQlWu37x8NF7HA6xRF2r

