----As 6 musicas mais parecidas com Brasil Citação São Coisas Nossas Ao Vivo No Rio De Janeiro 1998 sao:
	(0)Artista: Cássia Eller
		Musica: Brasil Citação São Coisas Nossas Ao Vivo No Rio De Janeiro 1998
		Dissimilaridade: 0.000000
		Link: https://open.spotify.com/track/3OT3c7duRMNUrExAl9jyiz
	(1)Artista: Cássia Eller
		Musica: Obrigado Por Ter Se Mandado Ao Vivo No Rio De Janeiro 1998
		Dissimilaridade: 0.477777
		Link: https://open.spotify.com/track/5c47X8Sq4kvOAWW2mTrity
	(2)Artista: Nando Reis
		Musica: Chorando Se Foi Ao Vivo Em São Paulo 2010
		Dissimilaridade: 0.834418
		Link: https://open.spotify.com/track/6utAEIxRW8pG4TzA4xqvuF
	(3)Artista: Cássia Eller
		Musica: Brasil
		Dissimilaridade: 1.160817
		Link: https://open.spotify.com/track/7lx2FiDwVCtx69mb1ZOPLr
	(4)Artista: Cássia Eller
		Musica: Só As Mães São Felizes Ao Vivo No Rio De Janeiro 1998
		Dissimilaridade: 1.263317
		Link: https://open.spotify.com/track/1k8Lnx9xrqyzHGJfhA2LcF
	(5)Artista: Cássia Eller
		Musica: ECT
		Dissimilaridade: 1.446213
		Link: https://open.spotify.com/track/1Qgi3fqEF392cKPQotChKm

----As 6 musicas mais parecidas com Youve Changed Show Luz Do Solo sao:
	(0)Artista: Cássia Eller
		Musica: Youve Changed Show Luz Do Solo
		Dissimilaridade: 0.000000
		Link: https://open.spotify.com/track/4BkABL1WAOLlay9v0It7Sw
	(1)Artista: Gilberto Gil
		Musica: Dois Rios Ao Vivo
		Dissimilaridade: 1.903435
		Link: https://open.spotify.com/track/6EaLFbYh8OrUCqeKUDrl3s
	(2)Artista: Cássia Eller
		Musica: Good Morning Heartache
		Dissimilaridade: 2.455798
		Link: https://open.spotify.com/track/2jiJwc87S8R6LsuGGrRknA
	(3)Artista: Nando Reis
		Musica: Concórdia Ao Vivo
		Dissimilaridade: 2.974433
		Link: https://open.spotify.com/track/3uulDc4UKb87xDktQEdA1W
	(4)Artista: Cássia Eller
		Musica: Pro Dia Nascer Feliz
		Dissimilaridade: 3.379361
		Link: https://open.spotify.com/track/4jNqUlNmIQvItfisyNqPg7
	(5)Artista: Cássia Eller
		Musica: All Star Show Luz Do Solo
		Dissimilaridade: 3.631270
		Link: https://open.spotify.com/track/529ET1m3uxXeJpk1oDIhs5

----As 6 musicas mais parecidas com Vá Morar Com O Diabo Ao Vivo sao:
	(0)Artista: Cássia Eller
		Musica: Vá Morar Com O Diabo Ao Vivo
		Dissimilaridade: 0.000000
		Link: https://open.spotify.com/track/7Gg6RHdXJQeOp7rMChprbT
	(1)Artista: Nando Reis
		Musica: Negra Livre Ao Vivo Em São Paulo 2007
		Dissimilaridade: 0.952295
		Link: https://open.spotify.com/track/4WTvEvbdbMywzkng9tlRUs
	(2)Artista: Nando Reis
		Musica: Sutilmente Ao Vivo
		Dissimilaridade: 1.217365
		Link: https://open.spotify.com/track/3qffwwKB67PwlhxGspd16q
	(3)Artista: Cássia Eller
		Musica: Nós Ao Vivo
		Dissimilaridade: 1.332164
		Link: https://open.spotify.com/track/5zIFWdfRwt24oEuZm3MowC
	(4)Artista: Nando Reis
		Musica: Eu E A Felicidade Ao Vivo Em São Paulo 2007
		Dissimilaridade: 1.436074
		Link: https://open.spotify.com/track/6uH6JcmQMi0yxNWAVx0GGW
	(5)Artista: Nando Reis
		Musica: Sutilmente Ao Vivo
		Dissimilaridade: 1.615741
		Link: https://open.spotify.com/track/0IejmLUrNQB4R4W9GI8BWN

----As 6 musicas mais parecidas com Por Enquanto sao:
	(0)Artista: Cássia Eller
		Musica: Por Enquanto
		Dissimilaridade: 0.000000
		Link: https://open.spotify.com/track/0DxYVbnnrqEgsFC3xGGNCf
	(1)Artista: Nando Reis
		Musica: Me Conte a Sua História
		Dissimilaridade: 1.104796
		Link: https://open.spotify.com/track/0iqxWtYNevsseTRLUAhEGm
	(2)Artista: Frejat
		Musica: Você Não Entende Nada
		Dissimilaridade: 1.146161
		Link: https://open.spotify.com/track/3TktNHhRjvZjeCvwbPsr37
	(3)Artista: Cássia Eller
		Musica: Golden Slumbers
		Dissimilaridade: 1.387661
		Link: https://open.spotify.com/track/5YNQsHsRs0d7svi8t9SEik
	(4)Artista: Cássia Eller
		Musica: Por Enquanto
		Dissimilaridade: 1.609017
		Link: https://open.spotify.com/track/2Vf7VLpmCLHn7Pky8XJXfI
	(5)Artista: Gilberto Gil
		Musica: Trinca de Ases Ao Vivo
		Dissimilaridade: 1.686857
		Link: https://open.spotify.com/track/0CpIVOnfJTu99vr0uQARPD

----As 6 musicas mais parecidas com Sobre nós dois e o resto do mundo sao:
	(0)Artista: Frejat
		Musica: Sobre nós dois e o resto do mundo
		Dissimilaridade: 0.000000
		Link: https://open.spotify.com/track/5jOt3DusG82vkDjEIpmdIZ
	(1)Artista: Frejat
		Musica: Sobre nós dois e o resto do mundo
		Dissimilaridade: 0.049998
		Link: https://open.spotify.com/track/17x5iNQ0gFNq3TLBd0lWsX
	(2)Artista: Frejat
		Musica: Sobre nós dois e o resto do mundo
		Dissimilaridade: 0.049998
		Link: https://open.spotify.com/track/1N6AKhi7LOdzhAaAPy0dkw
	(3)Artista: Cássia Eller
		Musica: Bete Balanço Ao Vivo No Rio De Janeiro 1998
		Dissimilaridade: 0.887556
		Link: https://open.spotify.com/track/391CW4f447TAw1PPqYhWOV
	(4)Artista: Cássia Eller
		Musica: ECT Ao Vivo
		Dissimilaridade: 0.905030
		Link: https://open.spotify.com/track/6xZ2xoJL9S3PsFhAo4VByM
	(5)Artista: Anitta
		Musica: Som do coração
		Dissimilaridade: 1.110114
		Link: https://open.spotify.com/track/2IA63PsnYe4esKruvRawx9

----As 6 musicas mais parecidas com Paz nunca mais sao:
	(0)Artista: Frejat
		Musica: Paz nunca mais
		Dissimilaridade: 0.000000
		Link: https://open.spotify.com/track/0KuIVNhZooGkqPDKtMBakS
	(1)Artista: Frejat
		Musica: Paz nunca mais
		Dissimilaridade: 0.000000
		Link: https://open.spotify.com/track/2lCJbTEtPKxLq8PAo2dd8Y
	(2)Artista: Frejat
		Musica: Paz nunca mais
		Dissimilaridade: 0.046411
		Link: https://open.spotify.com/track/4Ox6GajmEh0YiPis1bUHF5
	(3)Artista: Cássia Eller
		Musica: Malandragem
		Dissimilaridade: 0.858128
		Link: https://open.spotify.com/track/17HlW94iugRg9NOXJk4jhM
	(4)Artista: Cássia Eller
		Musica: Malandragem
		Dissimilaridade: 0.862325
		Link: https://open.spotify.com/track/45Ts5ApinRBBzn7BptFAqn
	(5)Artista: Nando Reis
		Musica: Hoje Mesmo
		Dissimilaridade: 1.596702
		Link: https://open.spotify.com/track/7BUkuusscJsUwm6ffdU0Cu

----As 6 musicas mais parecidas com 4 de Março Ao Vivo sao:
	(0)Artista: Nando Reis
		Musica: 4 de Março Ao Vivo
		Dissimilaridade: 0.000000
		Link: https://open.spotify.com/track/6t3m3SXHtWSma3lZWs92Ov
	(1)Artista: Nando Reis
		Musica: E Tudo Mais
		Dissimilaridade: 0.334714
		Link: https://open.spotify.com/track/3CHzpuUYeKs52rPUW0GGMr
	(2)Artista: Nando Reis
		Musica: 4 de Março Ao Vivo
		Dissimilaridade: 0.353052
		Link: https://open.spotify.com/track/2XH60LlqcVSQPV55AvuOJD
	(3)Artista: Nando Reis
		Musica: Sutilmente Ao Vivo em Santa Rosa
		Dissimilaridade: 0.702499
		Link: https://open.spotify.com/track/36Gqg8UbH9f3dzcq0o0ste
	(4)Artista: Nando Reis
		Musica: Nos Seus Olhos
		Dissimilaridade: 0.703714
		Link: https://open.spotify.com/track/6k80Qk9QAIHshEQ2v6pNw8
	(5)Artista: Frejat
		Musica: Eu preciso te tirar do sério Sexy Mix
		Dissimilaridade: 0.711573
		Link: https://open.spotify.com/track/7v0d07d9TnGXJTmh1MwOOt

----As 6 musicas mais parecidas com Luz dos Olhos Ao Vivo sao:
	(0)Artista: Nando Reis
		Musica: Luz dos Olhos Ao Vivo
		Dissimilaridade: 0.000000
		Link: https://open.spotify.com/track/3fMsVSu2LtDeX849XiGgkx
	(1)Artista: Cássia Eller
		Musica: Amor Destrambelhado Ao Vivo No Rio De Janeiro 1998
		Dissimilaridade: 0.359101
		Link: https://open.spotify.com/track/6gvGz4urOPcGUSxOsh8XD3
	(2)Artista: Cássia Eller
		Musica: Musica Urbana 2
		Dissimilaridade: 0.748191
		Link: https://open.spotify.com/track/4zjY58JS8S9RcIRPXKWSng
	(3)Artista: Cássia Eller
		Musica: All Star
		Dissimilaridade: 0.798694
		Link: https://open.spotify.com/track/0dZIvjoBntEEXM5b0XOhzo
	(4)Artista: Nando Reis
		Musica: Conta
		Dissimilaridade: 0.815378
		Link: https://open.spotify.com/track/6fZYI5SIrSKmaZwGt0lapj
	(5)Artista: Nando Reis
		Musica: Marvin Ao Vivo
		Dissimilaridade: 1.227902
		Link: https://open.spotify.com/track/458yEJXkWhObnIjmlK7mTO

----As 6 musicas mais parecidas com Sobre SutilmenteBesta É Tu Comentário sao:
	(0)Artista: Nando Reis
		Musica: Sobre SutilmenteBesta É Tu Comentário
		Dissimilaridade: 0.000000
		Link: https://open.spotify.com/track/7nog8K3z6jBxg79jqvC4w6
	(1)Artista: Nando Reis
		Musica: Sobre Nos Seus Olhos Comentário
		Dissimilaridade: 2.992150
		Link: https://open.spotify.com/track/6uWQMUe7C5vmo0x3GQhuBp
	(2)Artista: Nando Reis
		Musica: Sobre Os Cegos Dos Castelo Comentário
		Dissimilaridade: 6.315439
		Link: https://open.spotify.com/track/00xIfAgKwvQP9HuIn1AR9f
	(3)Artista: Nando Reis
		Musica: Sobre Pra Você Guardei o Amor Comentário
		Dissimilaridade: 12.166347
		Link: https://open.spotify.com/track/5iWmNzOUXI3JiaXrMedA57
	(4)Artista: Nando Reis
		Musica: Sobre Sei Comentário
		Dissimilaridade: 12.752458
		Link: https://open.spotify.com/track/62NV4pnPtMzDDdjHUeEJxD
	(5)Artista: Nando Reis
		Musica: Sobre Relicário Comentário
		Dissimilaridade: 15.331429
		Link: https://open.spotify.com/track/6SV3UJgG9OuMQL39U06Htc

----As 6 musicas mais parecidas com Whisky A Go Go Ao Vivo Em São Paulo 2010 sao:
	(0)Artista: Nando Reis
		Musica: Whisky A Go Go Ao Vivo Em São Paulo 2010
		Dissimilaridade: 0.000000
		Link: https://open.spotify.com/track/3qtCvE8c13HLjWZpT292UV
	(1)Artista: Nando Reis
		Musica: Lindo Balão Azul Ao Vivo Em São Paulo 2010
		Dissimilaridade: 0.654124
		Link: https://open.spotify.com/track/4q4Bn6JcvzNsUKaBFsZO6v
	(2)Artista: Nando Reis
		Musica: Pra Você Guardei o Amor Ao Vivo
		Dissimilaridade: 1.048251
		Link: https://open.spotify.com/track/6qi3s5rxyuaZmkzHbenhi9
	(3)Artista: Nando Reis
		Musica: All Star Ao Vivo
		Dissimilaridade: 1.344075
		Link: https://open.spotify.com/track/0Ns39xFB2YFXHyYJL6r6R4
	(4)Artista: Anitta
		Musica: Eu vou ficar Remix Ao vivo
		Dissimilaridade: 1.349496
		Link: https://open.spotify.com/track/6SClTQ3mFyX4lOCTIgPhgD
	(5)Artista: Cássia Eller
		Musica: ECT Ao Vivo
		Dissimilaridade: 1.596467
		Link: https://open.spotify.com/track/57dZ0ifdFiJymv1sT3pCxF

----As 6 musicas mais parecidas com Ti Amo sao:
	(0)Artista: Nando Reis
		Musica: Ti Amo
		Dissimilaridade: 0.000000
		Link: https://open.spotify.com/track/2aHy0Ev3b1Zagefvv3F4Kl
	(1)Artista: Cássia Eller
		Musica: Woman Is The Nigger Of The World Ao Vivo
		Dissimilaridade: 11.067863
		Link: https://open.spotify.com/track/7zsg5BsxKSrF7CU0PaEgRp
	(2)Artista: Cássia Eller
		Musica: Woman Is The Nigger Of The World Ao Vivo
		Dissimilaridade: 12.384136
		Link: https://open.spotify.com/track/00lVvS48o5con1ubwPZTON
	(3)Artista: Cássia Eller
		Musica: Try A Little Tenderness
		Dissimilaridade: 12.388230
		Link: https://open.spotify.com/track/2n9t34xdSM12G4BeNT03cE
	(4)Artista: Cássia Eller
		Musica: Ausência
		Dissimilaridade: 16.367574
		Link: https://open.spotify.com/track/6DGXwO9MFcMHrUOCWPwapg
	(5)Artista: Anitta
		Musica: Deixa ele sofrer
		Dissimilaridade: 23.248675
		Link: https://open.spotify.com/track/5UE8e9VTMmv5fjGXLETjCf

----As 6 musicas mais parecidas com Poquito sao:
	(0)Artista: Anitta
		Musica: Poquito
		Dissimilaridade: 0.000000
		Link: https://open.spotify.com/track/3ZjmloY4fJkfs9qYH82Oau
	(1)Artista: Anitta
		Musica: Poquito
		Dissimilaridade: 0.000000
		Link: https://open.spotify.com/track/5qm2otRZaeZaqdLVVohUjq
	(2)Artista: Nando Reis
		Musica: Inimitável Ao Vivo
		Dissimilaridade: 1.091903
		Link: https://open.spotify.com/track/0TTG4XDbrOjgWSogBevJKO
	(3)Artista: Cássia Eller
		Musica: O Segundo Sol
		Dissimilaridade: 1.132046
		Link: https://open.spotify.com/track/4lwUIfJPyeKqGhG9KtHtIv
	(4)Artista: Nando Reis
		Musica: Inimitável Ao Vivo
		Dissimilaridade: 1.168600
		Link: https://open.spotify.com/track/0WmgYhyKuP8gokU1tCatnU
	(5)Artista: Cássia Eller
		Musica: O Segundo Sol
		Dissimilaridade: 1.336345
		Link: https://open.spotify.com/track/0ig6hQw1bPh3Y2W4IHNbi6

