----As 5 musicas mais parecidas com Lôra Ao Vivo sao:
	(0)Artista: Tiago Iorc
		Musica: Lôra Ao Vivo
		Dissimilaridade: 0.000000
		Link: https://open.spotify.com/track/6hv1qtVzwDUkSY6WW3klcE
	(1)Artista: Tiago Iorc
		Musica: Unordinary Gold
		Dissimilaridade: 2.778703
		Link: https://open.spotify.com/track/482lzHzmqQifPnDKB7ifAa
	(2)Artista: Tiago Iorc
		Musica: A Vida Nunca Cansa
		Dissimilaridade: 4.446614
		Link: https://open.spotify.com/track/06oNiLeQ7AKuALj1Vt71Nj
	(3)Artista: Tiago Iorc
		Musica: Tangerina Ao Vivo
		Dissimilaridade: 4.639121
		Link: https://open.spotify.com/track/6TDPTk5c9r1aAaLEILqNmA
	(4)Artista: Nenhum De Nós
		Musica: Dias Que Virão Ao Vivo
		Dissimilaridade: 5.890278
		Link: https://open.spotify.com/track/6shuD8OIZe8iWofgqONUD3

----As 5 musicas mais parecidas com Hoje Lembrei Do Teu Amor sao:
	(0)Artista: Tiago Iorc
		Musica: Hoje Lembrei Do Teu Amor
		Dissimilaridade: 0.000000
		Link: https://open.spotify.com/track/64Z7zO9eYMqznZAw1vXj2i
	(1)Artista: Engenheiros Do Hawaii
		Musica: Quem Tem Pressa Não Se Interessa
		Dissimilaridade: 0.888939
		Link: https://open.spotify.com/track/1D7CXJKGQldzl9dLtJVMED
	(2)Artista: Engenheiros Do Hawaii
		Musica: Quem Tem Pressa Não Se Interessa
		Dissimilaridade: 0.888939
		Link: https://open.spotify.com/track/2n4XzHMVXN2mIkiNdscXfr
	(3)Artista: Tequila Baby
		Musica: Tira o Sutiã Tira a Calcinha
		Dissimilaridade: 0.956972
		Link: https://open.spotify.com/track/0uF3gW5GKkCIPfqAWqogeK
	(4)Artista: Tiago Iorc
		Musica: Proibida Pra Mim
		Dissimilaridade: 1.062896
		Link: https://open.spotify.com/track/49qaKxCtfFOvGl7A17UOCU

----As 5 musicas mais parecidas com Fico Só sao:
	(0)Artista: Mariana Nolasco
		Musica: Fico Só
		Dissimilaridade: 0.000000
		Link: https://open.spotify.com/track/1K2wR2pfgNWyTUu1glYMRc
	(1)Artista: Engenheiros Do Hawaii
		Musica: Sweet Begonia
		Dissimilaridade: 1.237335
		Link: https://open.spotify.com/track/7LE4dksTXgtJpLxxRoUH1i
	(2)Artista: Engenheiros Do Hawaii
		Musica: Sweet Begonia
		Dissimilaridade: 1.237335
		Link: https://open.spotify.com/track/7bCEQN8mrf8dgJtwqKXJUd
	(3)Artista: Engenheiros Do Hawaii
		Musica: Seguranca
		Dissimilaridade: 1.406685
		Link: https://open.spotify.com/track/0ZUtk2qJB63j2OG4RBAnDN
	(4)Artista: Engenheiros Do Hawaii
		Musica: Seguranca
		Dissimilaridade: 1.406685
		Link: https://open.spotify.com/track/5TGncFLCDNLx50UgjQoTws

----As 5 musicas mais parecidas com Refrão de Bolero sao:
	(0)Artista: Engenheiros Do Hawaii
		Musica: Refrão de Bolero
		Dissimilaridade: 0.000000
		Link: https://open.spotify.com/track/79H1f2I5jKHCRyBG0CqEyR
	(1)Artista: Engenheiros Do Hawaii
		Musica: Dom Quixote Ao Vivo
		Dissimilaridade: 1.911898
		Link: https://open.spotify.com/track/4caAiNwHeUXRxaI5rVZci7
	(2)Artista: Engenheiros Do Hawaii
		Musica: O Exército de um Homem Só I
		Dissimilaridade: 2.049605
		Link: https://open.spotify.com/track/2SmujCMq9e0QYQQXLDejuA
	(3)Artista: Mariana Nolasco
		Musica: Aldeia Sessions
		Dissimilaridade: 2.420168
		Link: https://open.spotify.com/track/1251iSkjMOS2RFcqGEpwsO
	(4)Artista: Tiago Iorc
		Musica: Bilhetes
		Dissimilaridade: 2.453078
		Link: https://open.spotify.com/track/3bQpAJ0p8V9F0huK9LFfHJ

----As 5 musicas mais parecidas com Pra Ser Sincero sao:
	(0)Artista: Engenheiros Do Hawaii
		Musica: Pra Ser Sincero
		Dissimilaridade: 0.000000
		Link: https://open.spotify.com/track/3ViD6P99PKWXQ1okkikVGC
	(1)Artista: Engenheiros Do Hawaii
		Musica: Não Consigo Odiar Ninguém Ao Vivo
		Dissimilaridade: 0.564290
		Link: https://open.spotify.com/track/2TQIirOiMUAJ8QXZXxm5lZ
	(2)Artista: Nenhum De Nós
		Musica: Eu e Você Sempre
		Dissimilaridade: 1.186806
		Link: https://open.spotify.com/track/6Nfz0DbpWdqB8Jc3WvaCFa
	(3)Artista: Engenheiros Do Hawaii
		Musica: Eu Que Não Amo Você Ao Vivo Bonus Track
		Dissimilaridade: 1.276326
		Link: https://open.spotify.com/track/3rlVZjvUX53ZmlIz17zdr2
	(4)Artista: Engenheiros Do Hawaii
		Musica: Nunca E Sempre
		Dissimilaridade: 1.309228
		Link: https://open.spotify.com/track/2kAnm7RzbFyXo8Pdh8KmI4

----As 5 musicas mais parecidas com Você Vai Lembrar de Mim sao:
	(0)Artista: Nenhum De Nós
		Musica: Você Vai Lembrar de Mim
		Dissimilaridade: 0.000000
		Link: https://open.spotify.com/track/4TxmBUFYYrnQjcQqqYwTHN
	(1)Artista: Mariana Nolasco
		Musica: Certeza Ao Vivo
		Dissimilaridade: 0.726065
		Link: https://open.spotify.com/track/1j1jFRnapbAfyF4pmzFNv0
	(2)Artista: Nenhum De Nós
		Musica: Você Vai Lembrar de Mim Ao Vivo
		Dissimilaridade: 1.425984
		Link: https://open.spotify.com/track/7DTfzmgXxpbcdkhl38WaQB
	(3)Artista: Engenheiros Do Hawaii
		Musica: Parabólica Ao Vivo
		Dissimilaridade: 2.829931
		Link: https://open.spotify.com/track/2X1jdJ8ndp4pgh0OlVOYrj
	(4)Artista: Nenhum De Nós
		Musica: HomensCaixa
		Dissimilaridade: 2.920611
		Link: https://open.spotify.com/track/4Ka8m06ATzIYTR3KWFALe2

----As 5 musicas mais parecidas com O Astronauta de Mármore Ao Vivo sao:
	(0)Artista: Nenhum De Nós
		Musica: O Astronauta de Mármore Ao Vivo
		Dissimilaridade: 0.000000
		Link: https://open.spotify.com/track/0Lh8Hr7rPAHicXMTFZsjkZ
	(1)Artista: Engenheiros Do Hawaii
		Musica: Tribos E Tribunais
		Dissimilaridade: 0.584559
		Link: https://open.spotify.com/track/0Hl3b0TrtxOHMF29NoLakF
	(2)Artista: Engenheiros Do Hawaii
		Musica: Tribos E Tribunais
		Dissimilaridade: 0.584559
		Link: https://open.spotify.com/track/2AYytC40iOm2qIY5giMJ32
	(3)Artista: Tequila Baby
		Musica: Balada Sangrenta O Teu Amor Me Corrói Ao Vivo
		Dissimilaridade: 0.824158
		Link: https://open.spotify.com/track/4ZQbkF3QMSSM76OJEc9puj
	(4)Artista: Nenhum De Nós
		Musica: O Astronauta de Mármore Starman Radio Mix
		Dissimilaridade: 0.858499
		Link: https://open.spotify.com/track/1rCEGJBwI1R78isqFOMHSY

----As 5 musicas mais parecidas com Menina Linda sao:
	(0)Artista: Tequila Baby
		Musica: Menina Linda
		Dissimilaridade: 0.000000
		Link: https://open.spotify.com/track/02Q9pW0hdgO0OuzkxIRgG6
	(1)Artista: Tiago Iorc
		Musica: Ducks In A Pond
		Dissimilaridade: 0.620434
		Link: https://open.spotify.com/track/0Ud2ToMRBfcbxzfssJJ08v
	(2)Artista: Engenheiros Do Hawaii
		Musica: O Papa É Pop Cruzada Ao Vivo
		Dissimilaridade: 0.889783
		Link: https://open.spotify.com/track/1EBCGZGeaDQp90rYc2hM77
	(3)Artista: Nenhum De Nós
		Musica: Incrível
		Dissimilaridade: 1.074789
		Link: https://open.spotify.com/track/3CsGWd4wGgHaxQPoe1x9Zo
	(4)Artista: Tequila Baby
		Musica: Coma
		Dissimilaridade: 1.117471
		Link: https://open.spotify.com/track/1moAS9u4N5sTjHslf0kGNM

